[30-Oct-2017 19:00:58 UTC] PHP Warning:  include(./api/pixabayAPI.php): failed to open stream: No such file or directory in /home/ubuntu/workspace/cst336-github/Lab4/index.php on line 14
[30-Oct-2017 19:00:58 UTC] PHP Stack trace:
[30-Oct-2017 19:00:58 UTC] PHP   1. {main}() /home/ubuntu/workspace/cst336-github/Lab4/index.php:0
[30-Oct-2017 19:00:58 UTC] PHP Warning:  include(): Failed opening './api/pixabayAPI.php' for inclusion (include_path='.:/usr/share/php:/usr/share/pear') in /home/ubuntu/workspace/cst336-github/Lab4/index.php on line 14
[30-Oct-2017 19:00:58 UTC] PHP Stack trace:
[30-Oct-2017 19:00:58 UTC] PHP   1. {main}() /home/ubuntu/workspace/cst336-github/Lab4/index.php:0
[30-Oct-2017 19:00:58 UTC] PHP Fatal error:  Call to undefined function getImageURLs() in /home/ubuntu/workspace/cst336-github/Lab4/index.php on line 16
[30-Oct-2017 19:00:58 UTC] PHP Stack trace:
[30-Oct-2017 19:00:58 UTC] PHP   1. {main}() /home/ubuntu/workspace/cst336-github/Lab4/index.php:0
[30-Oct-2017 19:07:34 UTC] PHP Warning:  include(/home/ubuntu/workspace/api/pixabayAPI.php): failed to open stream: No such file or directory in /home/ubuntu/workspace/cst336-github/Lab4/index.php on line 14
[30-Oct-2017 19:07:34 UTC] PHP Stack trace:
[30-Oct-2017 19:07:34 UTC] PHP   1. {main}() /home/ubuntu/workspace/cst336-github/Lab4/index.php:0
[30-Oct-2017 19:07:34 UTC] PHP Warning:  include(): Failed opening '/home/ubuntu/workspace/api/pixabayAPI.php' for inclusion (include_path='.:/usr/share/php:/usr/share/pear') in /home/ubuntu/workspace/cst336-github/Lab4/index.php on line 14
[30-Oct-2017 19:07:34 UTC] PHP Stack trace:
[30-Oct-2017 19:07:34 UTC] PHP   1. {main}() /home/ubuntu/workspace/cst336-github/Lab4/index.php:0
[30-Oct-2017 19:07:34 UTC] PHP Fatal error:  Call to undefined function getImageURLs() in /home/ubuntu/workspace/cst336-github/Lab4/index.php on line 16
[30-Oct-2017 19:07:34 UTC] PHP Stack trace:
[30-Oct-2017 19:07:34 UTC] PHP   1. {main}() /home/ubuntu/workspace/cst336-github/Lab4/index.php:0
[30-Oct-2017 19:09:34 UTC] PHP Warning:  include(/home/ubuntu/workspaceSlider/api/pixabayAPI.php): failed to open stream: No such file or directory in /home/ubuntu/workspace/cst336-github/Lab4/index.php on line 14
[30-Oct-2017 19:09:34 UTC] PHP Stack trace:
[30-Oct-2017 19:09:34 UTC] PHP   1. {main}() /home/ubuntu/workspace/cst336-github/Lab4/index.php:0
[30-Oct-2017 19:09:34 UTC] PHP Warning:  include(): Failed opening '/home/ubuntu/workspaceSlider/api/pixabayAPI.php' for inclusion (include_path='.:/usr/share/php:/usr/share/pear') in /home/ubuntu/workspace/cst336-github/Lab4/index.php on line 14
[30-Oct-2017 19:09:34 UTC] PHP Stack trace:
[30-Oct-2017 19:09:34 UTC] PHP   1. {main}() /home/ubuntu/workspace/cst336-github/Lab4/index.php:0
[30-Oct-2017 19:09:34 UTC] PHP Fatal error:  Call to undefined function getImageURLs() in /home/ubuntu/workspace/cst336-github/Lab4/index.php on line 16
[30-Oct-2017 19:09:34 UTC] PHP Stack trace:
[30-Oct-2017 19:09:34 UTC] PHP   1. {main}() /home/ubuntu/workspace/cst336-github/Lab4/index.php:0
[02-Nov-2017 21:10:21 UTC] PHP Warning:  mysqli::mysqli(): (HY000/1045): Access denied for user 'moses0128'@'localhost' (using password: YES) in /home/ubuntu/workspace/cst336-github/Lab5/index.php on line 9
[02-Nov-2017 21:10:21 UTC] PHP Stack trace:
[02-Nov-2017 21:10:21 UTC] PHP   1. {main}() /home/ubuntu/workspace/cst336-github/Lab5/index.php:0
[02-Nov-2017 21:10:21 UTC] PHP   2. mysqli->mysqli() /home/ubuntu/workspace/cst336-github/Lab5/index.php:9
[02-Nov-2017 21:29:26 UTC] PHP Warning:  mysqli::mysqli(): (HY000/1045): Access denied for user 'moses0128'@'localhost' (using password: YES) in /home/ubuntu/workspace/cst336-github/Lab5/index.php on line 9
[02-Nov-2017 21:29:26 UTC] PHP Stack trace:
[02-Nov-2017 21:29:26 UTC] PHP   1. {main}() /home/ubuntu/workspace/cst336-github/Lab5/index.php:0
[02-Nov-2017 21:29:26 UTC] PHP   2. mysqli->mysqli() /home/ubuntu/workspace/cst336-github/Lab5/index.php:9
[02-Nov-2017 21:29:46 UTC] PHP Warning:  mysqli::mysqli(): (HY000/1045): Access denied for user 'root'@'localhost' (using password: YES) in /home/ubuntu/workspace/cst336-github/Lab5/index.php on line 9
[02-Nov-2017 21:29:46 UTC] PHP Stack trace:
[02-Nov-2017 21:29:46 UTC] PHP   1. {main}() /home/ubuntu/workspace/cst336-github/Lab5/index.php:0
[02-Nov-2017 21:29:46 UTC] PHP   2. mysqli->mysqli() /home/ubuntu/workspace/cst336-github/Lab5/index.php:9
[02-Nov-2017 21:39:11 UTC] PHP Fatal error:  Call to a member function prepare() on a non-object in /home/ubuntu/workspace/cst336-github/Lab5/index.php on line 28
[02-Nov-2017 21:39:11 UTC] PHP Stack trace:
[02-Nov-2017 21:39:11 UTC] PHP   1. {main}() /home/ubuntu/workspace/cst336-github/Lab5/index.php:0
[02-Nov-2017 22:48:27 UTC] PHP Fatal error:  Call to undefined function displayDiviceList() in /home/ubuntu/workspace/cst336-github/Lab5/index2.php on line 34
[02-Nov-2017 22:48:27 UTC] PHP Stack trace:
[02-Nov-2017 22:48:27 UTC] PHP   1. {main}() /home/ubuntu/workspace/cst336-github/Lab5/index2.php:0
[03-Nov-2017 06:10:04 UTC] PHP Warning:  Invalid argument supplied for foreach() in /home/ubuntu/workspace/cst336-github/Lab5/index2.php on line 36
[03-Nov-2017 06:10:04 UTC] PHP Stack trace:
[03-Nov-2017 06:10:04 UTC] PHP   1. {main}() /home/ubuntu/workspace/cst336-github/Lab5/index2.php:0
[03-Nov-2017 06:10:04 UTC] PHP   2. getDeviceTypes() /home/ubuntu/workspace/cst336-github/Lab5/index2.php:56
[03-Nov-2017 18:31:43 UTC] PHP Fatal error:  Uncaught exception 'PDOException' with message 'SQLSTATE[42S22]: Column not found: 1054 Unknown column 'name' in 'order clause'' in /home/ubuntu/workspace/cst336-github/Lab5/index2.php:36
Stack trace:
#0 /home/ubuntu/workspace/cst336-github/Lab5/index2.php(36): PDOStatement->execute(Array)
#1 /home/ubuntu/workspace/cst336-github/Lab5/index2.php(85): displayDeviceList()
#2 {main}
  thrown in /home/ubuntu/workspace/cst336-github/Lab5/index2.php on line 36
[03-Nov-2017 18:32:35 UTC] PHP Fatal error:  Uncaught exception 'PDOException' with message 'SQLSTATE[42S22]: Column not found: 1054 Unknown column 'name' in 'order clause'' in /home/ubuntu/workspace/cst336-github/Lab5/index2.php:36
Stack trace:
#0 /home/ubuntu/workspace/cst336-github/Lab5/index2.php(36): PDOStatement->execute(Array)
#1 /home/ubuntu/workspace/cst336-github/Lab5/index2.php(85): displayDeviceList()
#2 {main}
  thrown in /home/ubuntu/workspace/cst336-github/Lab5/index2.php on line 36
[04-Nov-2017 04:21:30 UTC] PHP Fatal error:  Uncaught exception 'PDOException' with message 'SQLSTATE[HY000] [1045] Access denied for user 'root'@'localhost' (using password: YES)' in /home/ubuntu/workspace/cst336-github/Lab6/database.php:11
Stack trace:
#0 /home/ubuntu/workspace/cst336-github/Lab6/database.php(11): PDO->__construct('mysql:host=loca...', 'root', 'cst336')
#1 /home/ubuntu/workspace/cst336-github/Lab6/login.php(9): getDatabaseConnection()
#2 /home/ubuntu/workspace/cst336-github/Lab6/login.php(66): loginProcess()
#3 {main}
  thrown in /home/ubuntu/workspace/cst336-github/Lab6/database.php on line 11
[04-Nov-2017 04:22:46 UTC] PHP Fatal error:  Uncaught exception 'PDOException' with message 'SQLSTATE[HY000] [1045] Access denied for user 'moses0128'@'localhost' (using password: YES)' in /home/ubuntu/workspace/cst336-github/Lab6/database.php:11
Stack trace:
#0 /home/ubuntu/workspace/cst336-github/Lab6/database.php(11): PDO->__construct('mysql:host=loca...', 'moses0128', 'cst336')
#1 /home/ubuntu/workspace/cst336-github/Lab6/login.php(9): getDatabaseConnection()
#2 /home/ubuntu/workspace/cst336-github/Lab6/login.php(66): loginProcess()
#3 {main}
  thrown in /home/ubuntu/workspace/cst336-github/Lab6/database.php on line 11
[04-Nov-2017 04:22:56 UTC] PHP Fatal error:  Uncaught exception 'PDOException' with message 'SQLSTATE[HY000] [1045] Access denied for user 'moses0128'@'localhost' (using password: YES)' in /home/ubuntu/workspace/cst336-github/Lab6/database.php:11
Stack trace:
#0 /home/ubuntu/workspace/cst336-github/Lab6/database.php(11): PDO->__construct('mysql:host=loca...', 'moses0128', 'cst336')
#1 /home/ubuntu/workspace/cst336-github/Lab6/login.php(9): getDatabaseConnection()
#2 /home/ubuntu/workspace/cst336-github/Lab6/login.php(66): loginProcess()
#3 {main}
  thrown in /home/ubuntu/workspace/cst336-github/Lab6/database.php on line 11
[04-Nov-2017 04:24:24 UTC] PHP Warning:  PDO::__construct() expects parameter 4 to be array, string given in /home/ubuntu/workspace/cst336-github/Lab6/database.php on line 11
[04-Nov-2017 04:24:24 UTC] PHP Stack trace:
[04-Nov-2017 04:24:24 UTC] PHP   1. {main}() /home/ubuntu/workspace/cst336-github/Lab6/login.php:0
[04-Nov-2017 04:24:24 UTC] PHP   2. loginProcess() /home/ubuntu/workspace/cst336-github/Lab6/login.php:66
[04-Nov-2017 04:24:24 UTC] PHP   3. getDatabaseConnection() /home/ubuntu/workspace/cst336-github/Lab6/login.php:9
[04-Nov-2017 04:24:24 UTC] PHP   4. PDO->__construct() /home/ubuntu/workspace/cst336-github/Lab6/database.php:11
[04-Nov-2017 04:24:24 UTC] PHP Fatal error:  Call to a member function prepare() on a non-object in /home/ubuntu/workspace/cst336-github/Lab6/login.php on line 23
[04-Nov-2017 04:24:24 UTC] PHP Stack trace:
[04-Nov-2017 04:24:24 UTC] PHP   1. {main}() /home/ubuntu/workspace/cst336-github/Lab6/login.php:0
[04-Nov-2017 04:24:24 UTC] PHP   2. loginProcess() /home/ubuntu/workspace/cst336-github/Lab6/login.php:66
[06-Nov-2017 21:43:54 UTC] PHP Fatal error:  Uncaught exception 'PDOException' with message 'SQLSTATE[HY000] [1045] Access denied for user 'root'@'localhost' (using password: YES)' in /home/ubuntu/workspace/cst336-github/Lab6/database.php:11
Stack trace:
#0 /home/ubuntu/workspace/cst336-github/Lab6/database.php(11): PDO->__construct('mysql:host=loca...', 'root', 'cst336')
#1 /home/ubuntu/workspace/cst336-github/Lab6/login.php(9): getDatabaseConnection()
#2 /home/ubuntu/workspace/cst336-github/Lab6/login.php(66): loginProcess()
#3 {main}
  thrown in /home/ubuntu/workspace/cst336-github/Lab6/database.php on line 11
[06-Nov-2017 21:48:53 UTC] PHP Fatal error:  Uncaught exception 'PDOException' with message 'SQLSTATE[HY000] [1045] Access denied for user 'root'@'localhost' (using password: YES)' in /home/ubuntu/workspace/cst336-github/Lab6/database.php:11
Stack trace:
#0 /home/ubuntu/workspace/cst336-github/Lab6/database.php(11): PDO->__construct('mysql:host=loca...', 'root', 'cst336')
#1 /home/ubuntu/workspace/cst336-github/Lab6/login.php(9): getDatabaseConnection()
#2 /home/ubuntu/workspace/cst336-github/Lab6/login.php(66): loginProcess()
#3 {main}
  thrown in /home/ubuntu/workspace/cst336-github/Lab6/database.php on line 11
[06-Nov-2017 21:49:24 UTC] PHP Fatal error:  Uncaught exception 'PDOException' with message 'SQLSTATE[HY000] [1045] Access denied for user 'root'@'localhost' (using password: YES)' in /home/ubuntu/workspace/cst336-github/Lab6/database.php:11
Stack trace:
#0 /home/ubuntu/workspace/cst336-github/Lab6/database.php(11): PDO->__construct('mysql:host=loca...', 'root', 'cst336')
#1 /home/ubuntu/workspace/cst336-github/Lab6/login.php(9): getDatabaseConnection()
#2 /home/ubuntu/workspace/cst336-github/Lab6/login.php(66): loginProcess()
#3 {main}
  thrown in /home/ubuntu/workspace/cst336-github/Lab6/database.php on line 11
[06-Nov-2017 21:50:11 UTC] PHP Fatal error:  Uncaught exception 'PDOException' with message 'SQLSTATE[HY000] [1045] Access denied for user 'root'@'localhost' (using password: YES)' in /home/ubuntu/workspace/cst336-github/Lab6/database.php:11
Stack trace:
#0 /home/ubuntu/workspace/cst336-github/Lab6/database.php(11): PDO->__construct('mysql:host=loca...', 'root', 'cst336')
#1 /home/ubuntu/workspace/cst336-github/Lab6/login.php(9): getDatabaseConnection()
#2 /home/ubuntu/workspace/cst336-github/Lab6/login.php(66): loginProcess()
#3 {main}
  thrown in /home/ubuntu/workspace/cst336-github/Lab6/database.php on line 11
[06-Nov-2017 22:00:11 UTC] PHP Fatal error:  Uncaught exception 'PDOException' with message 'SQLSTATE[HY000] [1045] Access denied for user 'root'@'localhost' (using password: YES)' in /home/ubuntu/workspace/cst336-github/Lab6/database.php:11
Stack trace:
#0 /home/ubuntu/workspace/cst336-github/Lab6/database.php(11): PDO->__construct('mysql:host=loca...', 'root', 'cst336')
#1 /home/ubuntu/workspace/cst336-github/Lab6/login.php(9): getDatabaseConnection()
#2 /home/ubuntu/workspace/cst336-github/Lab6/login.php(66): loginProcess()
#3 {main}
  thrown in /home/ubuntu/workspace/cst336-github/Lab6/database.php on line 11
[15-Nov-2017 21:04:15 UTC] PHP Warning:  array_rand(): Second argument has to be between 1 and the number of elements in the array in /home/ubuntu/workspace/cst336-github/MidtermAssignment/program1.php on line 30
[15-Nov-2017 21:04:15 UTC] PHP Stack trace:
[15-Nov-2017 21:04:15 UTC] PHP   1. {main}() /home/ubuntu/workspace/cst336-github/MidtermAssignment/program1.php:0
[15-Nov-2017 21:04:15 UTC] PHP   2. array_rand() /home/ubuntu/workspace/cst336-github/MidtermAssignment/program1.php:30
[15-Nov-2017 22:40:07 UTC] PHP Fatal error:  Uncaught exception 'PDOException' with message 'SQLSTATE[HY000] [1045] Access denied for user 'jsullivan51'@'localhost' (using password: NO)' in /home/ubuntu/workspace/cst336-github/MidtermAssignment/program2.php:10
Stack trace:
#0 /home/ubuntu/workspace/cst336-github/MidtermAssignment/program2.php(10): PDO->__construct('mysql:host=loca...', 'jsullivan51', '')
#1 /home/ubuntu/workspace/cst336-github/MidtermAssignment/program2.php(35): getDatabaseConnection()
#2 {main}
  thrown in /home/ubuntu/workspace/cst336-github/MidtermAssignment/program2.php on line 10
[15-Nov-2017 22:43:17 UTC] PHP Fatal error:  Uncaught exception 'PDOException' with message 'SQLSTATE[HY000] [1045] Access denied for user 'jsullivan51'@'localhost' (using password: NO)' in /home/ubuntu/workspace/cst336-github/MidtermAssignment/program2.php:10
Stack trace:
#0 /home/ubuntu/workspace/cst336-github/MidtermAssignment/program2.php(10): PDO->__construct('mysql:host=loca...', 'jsullivan51', '')
#1 /home/ubuntu/workspace/cst336-github/MidtermAssignment/program2.php(35): getDatabaseConnection()
#2 {main}
  thrown in /home/ubuntu/workspace/cst336-github/MidtermAssignment/program2.php on line 10
[15-Nov-2017 22:46:22 UTC] PHP Fatal error:  Uncaught exception 'PDOException' with message 'SQLSTATE[HY000] [1045] Access denied for user 'root'@'localhost' (using password: NO)' in /home/ubuntu/workspace/cst336-github/MidtermAssignment/program2.php:10
Stack trace:
#0 /home/ubuntu/workspace/cst336-github/MidtermAssignment/program2.php(10): PDO->__construct('mysql:host=loca...', 'root', '')
#1 /home/ubuntu/workspace/cst336-github/MidtermAssignment/program2.php(35): getDatabaseConnection()
#2 {main}
  thrown in /home/ubuntu/workspace/cst336-github/MidtermAssignment/program2.php on line 10
[15-Nov-2017 22:47:44 UTC] PHP Fatal error:  Uncaught exception 'PDOException' with message 'SQLSTATE[HY000] [1045] Access denied for user 'jsullivan51'@'localhost' (using password: NO)' in /home/ubuntu/workspace/cst336-github/MidtermAssignment/program2.php:10
Stack trace:
#0 /home/ubuntu/workspace/cst336-github/MidtermAssignment/program2.php(10): PDO->__construct('mysql:host=loca...', 'jsullivan51', '')
#1 /home/ubuntu/workspace/cst336-github/MidtermAssignment/program2.php(35): getDatabaseConnection()
#2 {main}
  thrown in /home/ubuntu/workspace/cst336-github/MidtermAssignment/program2.php on line 10
[15-Nov-2017 22:52:48 UTC] PHP Fatal error:  Uncaught exception 'PDOException' with message 'SQLSTATE[HY000] [1045] Access denied for user 'jsullivan51'@'localhost' (using password: NO)' in /home/ubuntu/workspace/cst336-github/MidtermAssignment/program2.php:10
Stack trace:
#0 /home/ubuntu/workspace/cst336-github/MidtermAssignment/program2.php(10): PDO->__construct('mysql:host=loca...', 'jsullivan51', '')
#1 /home/ubuntu/workspace/cst336-github/MidtermAssignment/program2.php(35): getDatabaseConnection()
#2 {main}
  thrown in /home/ubuntu/workspace/cst336-github/MidtermAssignment/program2.php on line 10
[15-Nov-2017 22:55:42 UTC] PHP Fatal error:  Uncaught exception 'PDOException' with message 'SQLSTATE[HY000] [1045] Access denied for user 'root'@'localhost' (using password: NO)' in /home/ubuntu/workspace/cst336-github/MidtermAssignment/program2.php:10
Stack trace:
#0 /home/ubuntu/workspace/cst336-github/MidtermAssignment/program2.php(10): PDO->__construct('mysql:host=loca...', 'root', '')
#1 /home/ubuntu/workspace/cst336-github/MidtermAssignment/program2.php(35): getDatabaseConnection()
#2 {main}
  thrown in /home/ubuntu/workspace/cst336-github/MidtermAssignment/program2.php on line 10
[15-Nov-2017 22:55:43 UTC] PHP Fatal error:  Uncaught exception 'PDOException' with message 'SQLSTATE[HY000] [1045] Access denied for user 'root'@'localhost' (using password: NO)' in /home/ubuntu/workspace/cst336-github/MidtermAssignment/program2.php:10
Stack trace:
#0 /home/ubuntu/workspace/cst336-github/MidtermAssignment/program2.php(10): PDO->__construct('mysql:host=loca...', 'root', '')
#1 /home/ubuntu/workspace/cst336-github/MidtermAssignment/program2.php(35): getDatabaseConnection()
#2 {main}
  thrown in /home/ubuntu/workspace/cst336-github/MidtermAssignment/program2.php on line 10
[03-Dec-2017 04:22:14 UTC] PHP Fatal error:  Undefined class constant 'ATTR_ERRORMODE' in /home/ubuntu/workspace/cst336-github/Lab8/api.php on line 15
[03-Dec-2017 04:22:14 UTC] PHP Stack trace:
[03-Dec-2017 04:22:14 UTC] PHP   1. {main}() /home/ubuntu/workspace/cst336-github/Lab8/api.php:0
[03-Dec-2017 04:22:14 UTC] PHP   2. displayUsers() /home/ubuntu/workspace/cst336-github/Lab8/api.php:38
[03-Dec-2017 04:22:14 UTC] PHP   3. getDatabaseConnection() /home/ubuntu/workspace/cst336-github/Lab8/api.php:23
[03-Dec-2017 04:23:06 UTC] PHP Fatal error:  Undefined class constant 'ATTR_ERRORMODE' in /home/ubuntu/workspace/cst336-github/Lab8/api.php on line 15
[03-Dec-2017 04:23:06 UTC] PHP Stack trace:
[03-Dec-2017 04:23:06 UTC] PHP   1. {main}() /home/ubuntu/workspace/cst336-github/Lab8/api.php:0
[03-Dec-2017 04:23:06 UTC] PHP   2. displayUsers() /home/ubuntu/workspace/cst336-github/Lab8/api.php:38
[03-Dec-2017 04:23:06 UTC] PHP   3. getDatabaseConnection() /home/ubuntu/workspace/cst336-github/Lab8/api.php:23
[03-Dec-2017 04:23:08 UTC] PHP Fatal error:  Undefined class constant 'ATTR_ERRORMODE' in /home/ubuntu/workspace/cst336-github/Lab8/api.php on line 15
[03-Dec-2017 04:23:08 UTC] PHP Stack trace:
[03-Dec-2017 04:23:08 UTC] PHP   1. {main}() /home/ubuntu/workspace/cst336-github/Lab8/api.php:0
[03-Dec-2017 04:23:08 UTC] PHP   2. displayUsers() /home/ubuntu/workspace/cst336-github/Lab8/api.php:38
[03-Dec-2017 04:23:08 UTC] PHP   3. getDatabaseConnection() /home/ubuntu/workspace/cst336-github/Lab8/api.php:23
[03-Dec-2017 04:23:09 UTC] PHP Fatal error:  Undefined class constant 'ATTR_ERRORMODE' in /home/ubuntu/workspace/cst336-github/Lab8/api.php on line 15
[03-Dec-2017 04:23:09 UTC] PHP Stack trace:
[03-Dec-2017 04:23:09 UTC] PHP   1. {main}() /home/ubuntu/workspace/cst336-github/Lab8/api.php:0
[03-Dec-2017 04:23:09 UTC] PHP   2. displayUsers() /home/ubuntu/workspace/cst336-github/Lab8/api.php:38
[03-Dec-2017 04:23:09 UTC] PHP   3. getDatabaseConnection() /home/ubuntu/workspace/cst336-github/Lab8/api.php:23
[03-Dec-2017 04:24:49 UTC] PHP Fatal error:  Uncaught exception 'PDOException' with message 'SQLSTATE[HY000] [1045] Access denied for user 'root'@'ip-10-171-194-27.ec2.internal' (using password: YES)' in /home/ubuntu/workspace/cst336-github/Lab8/api.php:14
Stack trace:
#0 /home/ubuntu/workspace/cst336-github/Lab8/api.php(14): PDO->__construct('mysql:host=us-c...', 'root', 'cst336')
#1 /home/ubuntu/workspace/cst336-github/Lab8/api.php(23): getDatabaseConnection()
#2 /home/ubuntu/workspace/cst336-github/Lab8/api.php(38): displayUsers()
#3 {main}
  thrown in /home/ubuntu/workspace/cst336-github/Lab8/api.php on line 14
[03-Dec-2017 04:25:12 UTC] PHP Fatal error:  Undefined class constant 'ATTR_ERRORMODE' in /home/ubuntu/workspace/cst336-github/Lab8/api.php on line 15
[03-Dec-2017 04:25:12 UTC] PHP Stack trace:
[03-Dec-2017 04:25:12 UTC] PHP   1. {main}() /home/ubuntu/workspace/cst336-github/Lab8/api.php:0
[03-Dec-2017 04:25:12 UTC] PHP   2. displayUsers() /home/ubuntu/workspace/cst336-github/Lab8/api.php:38
[03-Dec-2017 04:25:12 UTC] PHP   3. getDatabaseConnection() /home/ubuntu/workspace/cst336-github/Lab8/api.php:23
[03-Dec-2017 04:28:55 UTC] PHP Fatal error:  Undefined class constant 'ATTR_ERROMODE' in /home/ubuntu/workspace/cst336-github/Lab8/api.php on line 15
[03-Dec-2017 04:28:55 UTC] PHP Stack trace:
[03-Dec-2017 04:28:55 UTC] PHP   1. {main}() /home/ubuntu/workspace/cst336-github/Lab8/api.php:0
[03-Dec-2017 04:28:55 UTC] PHP   2. displayUsers() /home/ubuntu/workspace/cst336-github/Lab8/api.php:38
[03-Dec-2017 04:28:55 UTC] PHP   3. getDatabaseConnection() /home/ubuntu/workspace/cst336-github/Lab8/api.php:23
[03-Dec-2017 05:14:35 UTC] PHP Fatal error:  Call to undefined function displayUsers() in /home/ubuntu/workspace/cst336-github/Lab8/api.php on line 45
[03-Dec-2017 05:14:35 UTC] PHP Stack trace:
[03-Dec-2017 05:14:35 UTC] PHP   1. {main}() /home/ubuntu/workspace/cst336-github/Lab8/api.php:0
